<?xml version="1.0" encoding="UTF-8"?>
<!-- Generated by org.testng.reporters.JUnitReportReporter -->
<testsuite hostname="LAPTOP-NU1V4IQS" failures="0" tests="5" name="phase3.EndToEndTest" time="2.874" errors="0" timestamp="22 Sept 2024 16:45:02 GMT" skipped="0">
  <testcase classname="phase3.EndToEndTest" name="TC03_CreateEmployee" time="1.129"/>
  <testcase classname="phase3.EndToEndTest" name="TC04_DeleteEmployee" time="0.039"/>
  <testcase classname="phase3.EndToEndTest" name="TC02_GetSingleEmployee" time="0.023"/>
  <testcase classname="phase3.EndToEndTest" name="TC01_GetAllEmployee" time="1.665"/>
  <testcase classname="phase3.EndToEndTest" name="TC05_TestDeletedEmployee" time="0.018"/>
</testsuite> <!-- phase3.EndToEndTest -->
